1771585675.866880 client started (72486): version 3.6a, socket /private/tmp/tmux-501/default, protocol 8
1771585675.866919 on Darwin 25.3.0 Darwin Kernel Version 25.3.0: Wed Jan 28 20:48:41 PST 2026; root:xnu-12377.81.4~5/RELEASE_ARM64_T6041
1771585675.866926 using libevent 2.1.12-stable select
1771585675.866944 using utf8proc 2.11.3
1771585675.866948 using ncurses 6.5 20240427
1771585675.866979 flags are 0x18010000
1771585675.866984 socket is /private/tmp/tmux-501/default
1771585675.866992 trying connect
1771585675.867001 connect failed: Connection refused
1771585675.867010 lock file is /private/tmp/tmux-501/default.lock
1771585675.867096 flock succeeded
1771585675.867100 got lock (6)
1771585675.867104 trying connect
1771585675.867108 connect failed: Connection refused
1771585675.868732 add peer 0x1036cdd20: 7 (0x0)
1771585675.871153 sending message 111 to peer 0x1036cdd20 (8 bytes)
1771585675.871164 sending message 111 to peer 0x1036cdd20 (8 bytes)
1771585675.871178 sending message 101 to peer 0x1036cdd20 (15 bytes)
1771585675.871182 sending message 109 to peer 0x1036cdd20 (4 bytes)
1771585675.871188 sending message 102 to peer 0x1036cdd20 (13 bytes)
1771585675.871191 sending message 108 to peer 0x1036cdd20 (39 bytes)
1771585675.871193 sending message 112 to peer 0x1036cdd20 (58 bytes)
1771585675.871196 sending message 112 to peer 0x1036cdd20 (5 bytes)
1771585675.871199 sending message 112 to peer 0x1036cdd20 (5 bytes)
1771585675.871205 sending message 112 to peer 0x1036cdd20 (6 bytes)
1771585675.871209 sending message 112 to peer 0x1036cdd20 (6 bytes)
1771585675.871212 sending message 112 to peer 0x1036cdd20 (11 bytes)
1771585675.871216 sending message 112 to peer 0x1036cdd20 (10 bytes)
1771585675.871220 sending message 112 to peer 0x1036cdd20 (13 bytes)
1771585675.871224 sending message 112 to peer 0x1036cdd20 (14 bytes)
1771585675.871228 sending message 112 to peer 0x1036cdd20 (19 bytes)
1771585675.871234 sending message 112 to peer 0x1036cdd20 (11 bytes)
1771585675.871239 sending message 112 to peer 0x1036cdd20 (10 bytes)
1771585675.871243 sending message 112 to peer 0x1036cdd20 (15 bytes)
1771585675.871248 sending message 112 to peer 0x1036cdd20 (21 bytes)
1771585675.871253 sending message 112 to peer 0x1036cdd20 (13 bytes)
1771585675.871257 sending message 112 to peer 0x1036cdd20 (7 bytes)
1771585675.871260 sending message 112 to peer 0x1036cdd20 (13 bytes)
1771585675.871267 sending message 112 to peer 0x1036cdd20 (7 bytes)
1771585675.871271 sending message 112 to peer 0x1036cdd20 (13 bytes)
1771585675.871275 sending message 112 to peer 0x1036cdd20 (9 bytes)
1771585675.871277 sending message 112 to peer 0x1036cdd20 (21 bytes)
1771585675.871279 sending message 112 to peer 0x1036cdd20 (13 bytes)
1771585675.871404 sending message 112 to peer 0x1036cdd20 (9 bytes)
1771585675.871429 sending message 112 to peer 0x1036cdd20 (16 bytes)
1771585675.871439 sending message 112 to peer 0x1036cdd20 (13 bytes)
1771585675.871445 sending message 112 to peer 0x1036cdd20 (9 bytes)
1771585675.871449 sending message 112 to peer 0x1036cdd20 (9 bytes)
1771585675.871452 sending message 112 to peer 0x1036cdd20 (12 bytes)
1771585675.871456 sending message 112 to peer 0x1036cdd20 (8 bytes)
1771585675.871461 sending message 112 to peer 0x1036cdd20 (8 bytes)
1771585675.871468 sending message 112 to peer 0x1036cdd20 (13 bytes)
1771585675.871474 sending message 112 to peer 0x1036cdd20 (7 bytes)
1771585675.871479 sending message 112 to peer 0x1036cdd20 (7 bytes)
1771585675.871486 sending message 112 to peer 0x1036cdd20 (9 bytes)
1771585675.871491 sending message 112 to peer 0x1036cdd20 (9 bytes)
1771585675.871497 sending message 112 to peer 0x1036cdd20 (15 bytes)
1771585675.871504 sending message 112 to peer 0x1036cdd20 (13 bytes)
1771585675.871512 sending message 112 to peer 0x1036cdd20 (12 bytes)
1771585675.871520 sending message 112 to peer 0x1036cdd20 (8 bytes)
1771585675.871526 sending message 112 to peer 0x1036cdd20 (14 bytes)
1771585675.871532 sending message 112 to peer 0x1036cdd20 (11 bytes)
1771585675.871540 sending message 112 to peer 0x1036cdd20 (9 bytes)
1771585675.871557 sending message 112 to peer 0x1036cdd20 (10 bytes)
1771585675.871564 sending message 112 to peer 0x1036cdd20 (10 bytes)
1771585675.871572 sending message 112 to peer 0x1036cdd20 (10 bytes)
1771585675.871578 sending message 112 to peer 0x1036cdd20 (10 bytes)
1771585675.871583 sending message 112 to peer 0x1036cdd20 (11 bytes)
1771585675.871588 sending message 112 to peer 0x1036cdd20 (12 bytes)
1771585675.871593 sending message 112 to peer 0x1036cdd20 (12 bytes)
1771585675.871598 sending message 112 to peer 0x1036cdd20 (12 bytes)
1771585675.871603 sending message 112 to peer 0x1036cdd20 (12 bytes)
1771585675.871608 sending message 112 to peer 0x1036cdd20 (12 bytes)
1771585675.871614 sending message 112 to peer 0x1036cdd20 (11 bytes)
1771585675.871619 sending message 112 to peer 0x1036cdd20 (11 bytes)
1771585675.871624 sending message 112 to peer 0x1036cdd20 (12 bytes)
1771585675.871626 sending message 112 to peer 0x1036cdd20 (12 bytes)
1771585675.871628 sending message 112 to peer 0x1036cdd20 (12 bytes)
1771585675.871630 sending message 112 to peer 0x1036cdd20 (12 bytes)
1771585675.871632 sending message 112 to peer 0x1036cdd20 (12 bytes)
1771585675.871633 sending message 112 to peer 0x1036cdd20 (9 bytes)
1771585675.871635 sending message 112 to peer 0x1036cdd20 (12 bytes)
1771585675.871637 sending message 112 to peer 0x1036cdd20 (13 bytes)
1771585675.871639 sending message 112 to peer 0x1036cdd20 (13 bytes)
1771585675.871647 sending message 112 to peer 0x1036cdd20 (13 bytes)
1771585675.871649 sending message 112 to peer 0x1036cdd20 (13 bytes)
1771585675.871656 sending message 112 to peer 0x1036cdd20 (13 bytes)
1771585675.871658 sending message 112 to peer 0x1036cdd20 (8 bytes)
1771585675.871663 sending message 112 to peer 0x1036cdd20 (11 bytes)
1771585675.871665 sending message 112 to peer 0x1036cdd20 (11 bytes)
1771585675.871669 sending message 112 to peer 0x1036cdd20 (11 bytes)
1771585675.871675 sending message 112 to peer 0x1036cdd20 (12 bytes)
1771585675.871677 sending message 112 to peer 0x1036cdd20 (12 bytes)
1771585675.871681 sending message 112 to peer 0x1036cdd20 (12 bytes)
1771585675.871686 sending message 112 to peer 0x1036cdd20 (12 bytes)
1771585675.871688 sending message 112 to peer 0x1036cdd20 (13 bytes)
1771585675.871694 sending message 112 to peer 0x1036cdd20 (13 bytes)
1771585675.871696 sending message 112 to peer 0x1036cdd20 (13 bytes)
1771585675.871701 sending message 112 to peer 0x1036cdd20 (8 bytes)
1771585675.871703 sending message 112 to peer 0x1036cdd20 (13 bytes)
1771585675.871709 sending message 112 to peer 0x1036cdd20 (13 bytes)
1771585675.871711 sending message 112 to peer 0x1036cdd20 (13 bytes)
1771585675.871716 sending message 112 to peer 0x1036cdd20 (13 bytes)
1771585675.871721 sending message 112 to peer 0x1036cdd20 (13 bytes)
1771585675.871728 sending message 112 to peer 0x1036cdd20 (12 bytes)
1771585675.871733 sending message 112 to peer 0x1036cdd20 (12 bytes)
1771585675.871738 sending message 112 to peer 0x1036cdd20 (12 bytes)
1771585675.871744 sending message 112 to peer 0x1036cdd20 (12 bytes)
1771585675.871749 sending message 112 to peer 0x1036cdd20 (13 bytes)
1771585675.871754 sending message 112 to peer 0x1036cdd20 (8 bytes)
1771585675.871759 sending message 112 to peer 0x1036cdd20 (13 bytes)
1771585675.871764 sending message 112 to peer 0x1036cdd20 (13 bytes)
1771585675.871769 sending message 112 to peer 0x1036cdd20 (13 bytes)
1771585675.871774 sending message 112 to peer 0x1036cdd20 (13 bytes)
1771585675.871779 sending message 112 to peer 0x1036cdd20 (13 bytes)
1771585675.871784 sending message 112 to peer 0x1036cdd20 (13 bytes)
1771585675.871789 sending message 112 to peer 0x1036cdd20 (13 bytes)
1771585675.871794 sending message 112 to peer 0x1036cdd20 (12 bytes)
1771585675.871800 sending message 112 to peer 0x1036cdd20 (12 bytes)
1771585675.871805 sending message 112 to peer 0x1036cdd20 (12 bytes)
1771585675.871810 sending message 112 to peer 0x1036cdd20 (8 bytes)
1771585675.871815 sending message 112 to peer 0x1036cdd20 (12 bytes)
1771585675.871820 sending message 112 to peer 0x1036cdd20 (13 bytes)
1771585675.871906 sending message 112 to peer 0x1036cdd20 (13 bytes)
1771585675.871910 sending message 112 to peer 0x1036cdd20 (13 bytes)
1771585675.871914 sending message 112 to peer 0x1036cdd20 (13 bytes)
1771585675.871916 sending message 112 to peer 0x1036cdd20 (13 bytes)
1771585675.871919 sending message 112 to peer 0x1036cdd20 (13 bytes)
1771585675.871921 sending message 112 to peer 0x1036cdd20 (13 bytes)
1771585675.871924 sending message 112 to peer 0x1036cdd20 (13 bytes)
1771585675.871926 sending message 112 to peer 0x1036cdd20 (12 bytes)
1771585675.871929 sending message 112 to peer 0x1036cdd20 (10 bytes)
1771585675.871931 sending message 112 to peer 0x1036cdd20 (12 bytes)
1771585675.871934 sending message 112 to peer 0x1036cdd20 (12 bytes)
1771585675.871936 sending message 112 to peer 0x1036cdd20 (12 bytes)
1771585675.871939 sending message 112 to peer 0x1036cdd20 (13 bytes)
1771585675.871941 sending message 112 to peer 0x1036cdd20 (13 bytes)
1771585675.871944 sending message 112 to peer 0x1036cdd20 (13 bytes)
1771585675.871946 sending message 112 to peer 0x1036cdd20 (13 bytes)
1771585675.871949 sending message 112 to peer 0x1036cdd20 (13 bytes)
1771585675.871952 sending message 112 to peer 0x1036cdd20 (13 bytes)
1771585675.871955 sending message 112 to peer 0x1036cdd20 (13 bytes)
1771585675.871957 sending message 112 to peer 0x1036cdd20 (10 bytes)
1771585675.871960 sending message 112 to peer 0x1036cdd20 (13 bytes)
1771585675.871962 sending message 112 to peer 0x1036cdd20 (12 bytes)
1771585675.871965 sending message 112 to peer 0x1036cdd20 (12 bytes)
1771585675.871967 sending message 112 to peer 0x1036cdd20 (12 bytes)
1771585675.871969 sending message 112 to peer 0x1036cdd20 (10 bytes)
1771585675.871972 sending message 112 to peer 0x1036cdd20 (10 bytes)
1771585675.871974 sending message 112 to peer 0x1036cdd20 (10 bytes)
1771585675.871977 sending message 112 to peer 0x1036cdd20 (12 bytes)
1771585675.871979 sending message 112 to peer 0x1036cdd20 (13 bytes)
1771585675.871982 sending message 112 to peer 0x1036cdd20 (13 bytes)
1771585675.871984 sending message 112 to peer 0x1036cdd20 (13 bytes)
1771585675.871987 sending message 112 to peer 0x1036cdd20 (13 bytes)
1771585675.871989 sending message 112 to peer 0x1036cdd20 (13 bytes)
1771585675.871992 sending message 112 to peer 0x1036cdd20 (10 bytes)
1771585675.871994 sending message 112 to peer 0x1036cdd20 (11 bytes)
1771585675.871997 sending message 112 to peer 0x1036cdd20 (12 bytes)
1771585675.871999 sending message 112 to peer 0x1036cdd20 (12 bytes)
1771585675.872002 sending message 112 to peer 0x1036cdd20 (12 bytes)
1771585675.872004 sending message 112 to peer 0x1036cdd20 (12 bytes)
1771585675.872006 sending message 112 to peer 0x1036cdd20 (12 bytes)
1771585675.872009 sending message 112 to peer 0x1036cdd20 (11 bytes)
1771585675.872011 sending message 112 to peer 0x1036cdd20 (12 bytes)
1771585675.872014 sending message 112 to peer 0x1036cdd20 (12 bytes)
1771585675.872016 sending message 112 to peer 0x1036cdd20 (13 bytes)
1771585675.872018 sending message 112 to peer 0x1036cdd20 (13 bytes)
1771585675.872021 sending message 112 to peer 0x1036cdd20 (13 bytes)
1771585675.872023 sending message 112 to peer 0x1036cdd20 (13 bytes)
1771585675.872026 sending message 112 to peer 0x1036cdd20 (13 bytes)
1771585675.872028 sending message 112 to peer 0x1036cdd20 (10 bytes)
1771585675.872031 sending message 112 to peer 0x1036cdd20 (9 bytes)
1771585675.872033 sending message 112 to peer 0x1036cdd20 (12 bytes)
1771585675.872036 sending message 112 to peer 0x1036cdd20 (13 bytes)
1771585675.872038 sending message 112 to peer 0x1036cdd20 (13 bytes)
1771585675.872040 sending message 112 to peer 0x1036cdd20 (13 bytes)
1771585675.872043 sending message 112 to peer 0x1036cdd20 (13 bytes)
1771585675.872045 sending message 112 to peer 0x1036cdd20 (13 bytes)
1771585675.872048 sending message 112 to peer 0x1036cdd20 (9 bytes)
1771585675.872050 sending message 112 to peer 0x1036cdd20 (12 bytes)
1771585675.872053 sending message 112 to peer 0x1036cdd20 (13 bytes)
1771585675.872060 sending message 112 to peer 0x1036cdd20 (13 bytes)
1771585675.872063 sending message 112 to peer 0x1036cdd20 (13 bytes)
1771585675.872066 sending message 112 to peer 0x1036cdd20 (13 bytes)
1771585675.872069 sending message 112 to peer 0x1036cdd20 (13 bytes)
1771585675.872073 sending message 112 to peer 0x1036cdd20 (11 bytes)
1771585675.872075 sending message 112 to peer 0x1036cdd20 (12 bytes)
1771585675.872078 sending message 112 to peer 0x1036cdd20 (13 bytes)
1771585675.872080 sending message 112 to peer 0x1036cdd20 (13 bytes)
1771585675.872081 sending message 112 to peer 0x1036cdd20 (13 bytes)
1771585675.872126 sending message 112 to peer 0x1036cdd20 (13 bytes)
1771585675.872131 sending message 112 to peer 0x1036cdd20 (13 bytes)
1771585675.872134 sending message 112 to peer 0x1036cdd20 (11 bytes)
1771585675.872136 sending message 112 to peer 0x1036cdd20 (12 bytes)
1771585675.872138 sending message 112 to peer 0x1036cdd20 (12 bytes)
1771585675.872140 sending message 112 to peer 0x1036cdd20 (12 bytes)
1771585675.872143 sending message 112 to peer 0x1036cdd20 (12 bytes)
1771585675.872146 sending message 112 to peer 0x1036cdd20 (12 bytes)
1771585675.872148 sending message 112 to peer 0x1036cdd20 (21 bytes)
1771585675.872150 sending message 112 to peer 0x1036cdd20 (12 bytes)
1771585675.872153 sending message 112 to peer 0x1036cdd20 (9 bytes)
1771585675.872163 sending message 112 to peer 0x1036cdd20 (6 bytes)
1771585675.872167 sending message 112 to peer 0x1036cdd20 (13 bytes)
1771585675.872169 sending message 112 to peer 0x1036cdd20 (10 bytes)
1771585675.872171 sending message 112 to peer 0x1036cdd20 (24 bytes)
1771585675.872174 sending message 112 to peer 0x1036cdd20 (13 bytes)
1771585675.872175 sending message 112 to peer 0x1036cdd20 (9 bytes)
1771585675.872178 sending message 112 to peer 0x1036cdd20 (70 bytes)
1771585675.872180 sending message 112 to peer 0x1036cdd20 (69 bytes)
1771585675.872182 sending message 112 to peer 0x1036cdd20 (12 bytes)
1771585675.872184 sending message 112 to peer 0x1036cdd20 (10 bytes)
1771585675.872187 sending message 112 to peer 0x1036cdd20 (10 bytes)
1771585675.872189 sending message 112 to peer 0x1036cdd20 (24 bytes)
1771585675.872192 sending message 112 to peer 0x1036cdd20 (13 bytes)
1771585675.872194 sending message 112 to peer 0x1036cdd20 (10 bytes)
1771585675.872197 sending message 112 to peer 0x1036cdd20 (10 bytes)
1771585675.872199 sending message 112 to peer 0x1036cdd20 (10 bytes)
1771585675.872203 sending message 112 to peer 0x1036cdd20 (13 bytes)
1771585675.872205 sending message 112 to peer 0x1036cdd20 (15 bytes)
1771585675.872207 sending message 112 to peer 0x1036cdd20 (5 bytes)
1771585675.872212 sending message 104 to peer 0x1036cdd20 (0 bytes)
1771585675.872214 sending message 110 to peer 0x1036cdd20 (0 bytes)
1771585675.872216 sending message 107 to peer 0x1036cdd20 (4 bytes)
1771585675.872219 sending message 105 to peer 0x1036cdd20 (10 bytes)
1771585675.872222 sending message 105 to peer 0x1036cdd20 (604 bytes)
1771585675.872226 sending message 105 to peer 0x1036cdd20 (17 bytes)
1771585675.872229 sending message 105 to peer 0x1036cdd20 (15 bytes)
1771585675.872232 sending message 105 to peer 0x1036cdd20 (38 bytes)
1771585675.872235 sending message 105 to peer 0x1036cdd20 (66 bytes)
1771585675.872237 sending message 105 to peer 0x1036cdd20 (13 bytes)
1771585675.872240 sending message 105 to peer 0x1036cdd20 (57 bytes)
1771585675.872241 sending message 105 to peer 0x1036cdd20 (40 bytes)
1771585675.872244 sending message 105 to peer 0x1036cdd20 (34 bytes)
1771585675.872246 sending message 105 to peer 0x1036cdd20 (20 bytes)
1771585675.872247 sending message 105 to peer 0x1036cdd20 (22 bytes)
1771585675.872250 sending message 105 to peer 0x1036cdd20 (27 bytes)
1771585675.872252 sending message 105 to peer 0x1036cdd20 (20 bytes)
1771585675.872254 sending message 105 to peer 0x1036cdd20 (17 bytes)
1771585675.872256 sending message 105 to peer 0x1036cdd20 (46 bytes)
1771585675.872259 sending message 105 to peer 0x1036cdd20 (44 bytes)
1771585675.872266 sending message 105 to peer 0x1036cdd20 (59 bytes)
1771585675.872269 sending message 105 to peer 0x1036cdd20 (32 bytes)
1771585675.872271 sending message 105 to peer 0x1036cdd20 (63 bytes)
1771585675.872274 sending message 105 to peer 0x1036cdd20 (58 bytes)
1771585675.872277 sending message 105 to peer 0x1036cdd20 (20 bytes)
1771585675.872279 sending message 105 to peer 0x1036cdd20 (24 bytes)
1771585675.872282 sending message 105 to peer 0x1036cdd20 (24 bytes)
1771585675.872285 sending message 105 to peer 0x1036cdd20 (20 bytes)
1771585675.872287 sending message 105 to peer 0x1036cdd20 (43 bytes)
1771585675.872290 sending message 105 to peer 0x1036cdd20 (8 bytes)
1771585675.872292 sending message 105 to peer 0x1036cdd20 (46 bytes)
1771585675.872294 sending message 105 to peer 0x1036cdd20 (30 bytes)
1771585675.872297 sending message 105 to peer 0x1036cdd20 (37 bytes)
1771585675.872299 sending message 105 to peer 0x1036cdd20 (34 bytes)
1771585675.872302 sending message 105 to peer 0x1036cdd20 (35 bytes)
1771585675.872304 sending message 105 to peer 0x1036cdd20 (123 bytes)
1771585675.872307 sending message 105 to peer 0x1036cdd20 (14 bytes)
1771585675.872310 sending message 105 to peer 0x1036cdd20 (64 bytes)
1771585675.872313 sending message 105 to peer 0x1036cdd20 (217 bytes)
1771585675.872316 sending message 105 to peer 0x1036cdd20 (56 bytes)
1771585675.872411 sending message 105 to peer 0x1036cdd20 (32 bytes)
1771585675.872423 sending message 105 to peer 0x1036cdd20 (56 bytes)
1771585675.872428 sending message 105 to peer 0x1036cdd20 (45 bytes)
1771585675.872431 sending message 105 to peer 0x1036cdd20 (49 bytes)
1771585675.872434 sending message 105 to peer 0x1036cdd20 (43 bytes)
1771585675.872437 sending message 105 to peer 0x1036cdd20 (28 bytes)
1771585675.872444 sending message 105 to peer 0x1036cdd20 (29 bytes)
1771585675.872446 sending message 105 to peer 0x1036cdd20 (30 bytes)
1771585675.872448 sending message 105 to peer 0x1036cdd20 (72 bytes)
1771585675.872450 sending message 105 to peer 0x1036cdd20 (26 bytes)
1771585675.872453 sending message 105 to peer 0x1036cdd20 (25 bytes)
1771585675.872458 sending message 106 to peer 0x1036cdd20 (0 bytes)
1771585675.902970 sending message 200 to peer 0x1036cdd20 (4 bytes)
1771585675.902996 client loop enter
1771585675.903029 client_signal: Child exited: 20
1771585675.922608 peer 0x1036cdd20 message 207
1771585675.922615 sending message 208 to peer 0x1036cdd20 (0 bytes)
1771585678.019631 client_signal: Window size changes: 28
1771585678.019647 sending message 208 to peer 0x1036cdd20 (0 bytes)
1771585678.143318 client_signal: Window size changes: 28
1771585678.143348 sending message 208 to peer 0x1036cdd20 (0 bytes)
1771585688.148145 client_signal: Window size changes: 28
1771585688.148170 sending message 208 to peer 0x1036cdd20 (0 bytes)
1771585688.265189 client_signal: Window size changes: 28
1771585688.265216 sending message 208 to peer 0x1036cdd20 (0 bytes)
1771585707.584714 client_signal: Window size changes: 28
1771585707.584733 sending message 208 to peer 0x1036cdd20 (0 bytes)
1771585707.704741 client_signal: Window size changes: 28
1771585707.704768 sending message 208 to peer 0x1036cdd20 (0 bytes)
1771585727.871559 peer 0x1036cdd20 message 203
1771585727.871577 sending message 205 to peer 0x1036cdd20 (0 bytes)
1771585727.875609 peer 0x1036cdd20 message 204
1771585727.875650 client loop exit
